<?xml version="1.0" encoding="UTF-8"?>
<testsuite xmlns:xsi="http://www.w3.org/2001/XMLSchema-instance" xsi:noNamespaceSchemaLocation="https://maven.apache.org/surefire/maven-surefire-plugin/xsd/surefire-test-report.xsd" name="edu.eci.cvds.tdd.registry.RegistryTest" time="0.059" tests="17" errors="0" skipped="0" failures="0">
  <properties>
    <property name="java.specification.version" value="18"/>
    <property name="sun.jnu.encoding" value="UTF-8"/>
    <property name="java.class.path" value="/Users/isaeme23/Downloads/CVDS-Lab03/target/test-classes:/Users/isaeme23/Downloads/CVDS-Lab03/target/classes:/Users/isaeme23/.m2/repository/junit/junit/4.13.2/junit-4.13.2.jar:/Users/isaeme23/.m2/repository/org/hamcrest/hamcrest-core/1.3/hamcrest-core-1.3.jar:/Users/isaeme23/Downloads/CVDS-Lab03/Library/aerodescuentos-1.0.0.jar:"/>
    <property name="java.vm.vendor" value="Homebrew"/>
    <property name="sun.arch.data.model" value="64"/>
    <property name="java.vendor.url" value="https://github.com/Homebrew/homebrew-core/issues"/>
    <property name="os.name" value="Mac OS X"/>
    <property name="java.vm.specification.version" value="18"/>
    <property name="sun.java.launcher" value="SUN_STANDARD"/>
    <property name="user.country" value="CO"/>
    <property name="sun.boot.library.path" value="/usr/local/Cellar/openjdk/18.0.2.1/libexec/openjdk.jdk/Contents/Home/lib"/>
    <property name="sun.java.command" value="/Users/isaeme23/Downloads/CVDS-Lab03/target/surefire/surefirebooter10602373025230751875.jar /Users/isaeme23/Downloads/CVDS-Lab03/target/surefire 2022-09-06T11-55-18_428-jvmRun1 surefire8541476747754001336tmp surefire_017011493152653464525tmp"/>
    <property name="http.nonProxyHosts" value="local|*.local|169.254/16|*.169.254/16"/>
    <property name="jdk.debug" value="release"/>
    <property name="surefire.test.class.path" value="/Users/isaeme23/Downloads/CVDS-Lab03/target/test-classes:/Users/isaeme23/Downloads/CVDS-Lab03/target/classes:/Users/isaeme23/.m2/repository/junit/junit/4.13.2/junit-4.13.2.jar:/Users/isaeme23/.m2/repository/org/hamcrest/hamcrest-core/1.3/hamcrest-core-1.3.jar:/Users/isaeme23/Downloads/CVDS-Lab03/Library/aerodescuentos-1.0.0.jar:"/>
    <property name="sun.cpu.endian" value="little"/>
    <property name="user.home" value="/Users/isaeme23"/>
    <property name="user.language" value="es"/>
    <property name="java.specification.vendor" value="Oracle Corporation"/>
    <property name="java.version.date" value="2022-08-18"/>
    <property name="java.home" value="/usr/local/Cellar/openjdk/18.0.2.1/libexec/openjdk.jdk/Contents/Home"/>
    <property name="file.separator" value="/"/>
    <property name="basedir" value="/Users/isaeme23/Downloads/CVDS-Lab03"/>
    <property name="java.vm.compressedOopsMode" value="Zero based"/>
    <property name="line.separator" value="&#10;"/>
    <property name="java.vm.specification.vendor" value="Oracle Corporation"/>
    <property name="java.specification.name" value="Java Platform API Specification"/>
    <property name="apple.awt.application.name" value="ForkedBooter"/>
    <property name="surefire.real.class.path" value="/Users/isaeme23/Downloads/CVDS-Lab03/target/surefire/surefirebooter10602373025230751875.jar"/>
    <property name="sun.management.compiler" value="HotSpot 64-Bit Tiered Compilers"/>
    <property name="ftp.nonProxyHosts" value="local|*.local|169.254/16|*.169.254/16"/>
    <property name="java.runtime.version" value="18.0.2.1+0"/>
    <property name="user.name" value="isaeme23"/>
    <property name="path.separator" value=":"/>
    <property name="os.version" value="12.4"/>
    <property name="java.runtime.name" value="OpenJDK Runtime Environment"/>
    <property name="file.encoding" value="UTF-8"/>
    <property name="java.vm.name" value="OpenJDK 64-Bit Server VM"/>
    <property name="java.vendor.version" value="Homebrew"/>
    <property name="localRepository" value="/Users/isaeme23/.m2/repository"/>
    <property name="java.vendor.url.bug" value="https://github.com/Homebrew/homebrew-core/issues"/>
    <property name="java.io.tmpdir" value="/var/folders/wk/239p28m16g1gyq3r2s0fts3w0000gn/T/"/>
    <property name="java.version" value="18.0.2.1"/>
    <property name="user.dir" value="/Users/isaeme23/Downloads/CVDS-Lab03"/>
    <property name="os.arch" value="x86_64"/>
    <property name="java.vm.specification.name" value="Java Virtual Machine Specification"/>
    <property name="native.encoding" value="US-ASCII"/>
    <property name="java.library.path" value="/Users/isaeme23/Library/Java/Extensions:/Library/Java/Extensions:/Network/Library/Java/Extensions:/System/Library/Java/Extensions:/usr/lib/java:."/>
    <property name="java.vm.info" value="mixed mode, sharing"/>
    <property name="java.vendor" value="Homebrew"/>
    <property name="java.vm.version" value="18.0.2.1+0"/>
    <property name="sun.io.unicode.encoding" value="UnicodeBig"/>
    <property name="socksNonProxyHosts" value="local|*.local|169.254/16|*.169.254/16"/>
    <property name="java.class.version" value="62.0"/>
  </properties>
  <testcase name="given_Id_When_IsLargerThan10_Then_Invalid" classname="edu.eci.cvds.tdd.registry.RegistryTest" time="0.013"/>
  <testcase name="given_Age_When_IsLessThan18_Then_Underage" classname="edu.eci.cvds.tdd.registry.RegistryTest" time="0.003"/>
  <testcase name="given_name_when_isValid" classname="edu.eci.cvds.tdd.registry.RegistryTest" time="0.001"/>
  <testcase name="given_Gender_UNIDENTIFIED" classname="edu.eci.cvds.tdd.registry.RegistryTest" time="0.001"/>
  <testcase name="given_Alive_When_IsFalse_Then_Dead" classname="edu.eci.cvds.tdd.registry.RegistryTest" time="0.001"/>
  <testcase name="given_Alive_When_IsTrue_Then_Valid" classname="edu.eci.cvds.tdd.registry.RegistryTest" time="0.001"/>
  <testcase name="given_name_when_longitud_IsLessThan1_then_inValid" classname="edu.eci.cvds.tdd.registry.RegistryTest" time="0.001"/>
  <testcase name="given_Age_When_IsZero_Then_InvalidAge" classname="edu.eci.cvds.tdd.registry.RegistryTest" time="0.001"/>
  <testcase name="given_Alive_When_PersonIsNull_Then_Invalid" classname="edu.eci.cvds.tdd.registry.RegistryTest" time="0.001"/>
  <testcase name="given_Age_When_IsGreaterThan18_Then_Valid" classname="edu.eci.cvds.tdd.registry.RegistryTest" time="0"/>
  <testcase name="given_Age_When_IsGreaterThan110_Then_InvalidAge" classname="edu.eci.cvds.tdd.registry.RegistryTest" time="0.002"/>
  <testcase name="given_Id_When_IsInBetween6And10_Then_Valid" classname="edu.eci.cvds.tdd.registry.RegistryTest" time="0.001"/>
  <testcase name="given_Age_When_IsLessThanZero_Then_InvalidAge" classname="edu.eci.cvds.tdd.registry.RegistryTest" time="0.001"/>
  <testcase name="given_name_when_longitud_IsGreaterThan30_then_inValid" classname="edu.eci.cvds.tdd.registry.RegistryTest" time="0.009"/>
  <testcase name="given_Gender_FEMALE" classname="edu.eci.cvds.tdd.registry.RegistryTest" time="0.007"/>
  <testcase name="given_Gender_MALE" classname="edu.eci.cvds.tdd.registry.RegistryTest" time="0.005"/>
  <testcase name="given_Id_When_IsSmallerThan6_Then_Invalid" classname="edu.eci.cvds.tdd.registry.RegistryTest" time="0.001"/>
</testsuite>